FILL IN THE MISSING NUMBERS TO COMPLETE THE 4X4 GRID.
EACH ROW AND COLUMN MUST CONTAIN THE NUMBERS 1 THROUGH 4.
ENTER THE VALUE REQUESTED BY ROW AND COLUMN PROMPTS.

1 0 3 0 
0 4 0 2 
2 0 4 3 
0 3 0 1 

ROW1 COL2 ?1 2 3 0 
0 4 0 2 
2 0 4 3 
0 3 0 1 

ROW1 COL4 ?1 2 3 4 
0 4 0 2 
2 0 4 3 
0 3 0 1 

ROW2 COL1 ?1 2 3 4 
3 4 0 2 
2 0 4 3 
0 3 0 1 

ROW2 COL3 ?1 2 3 4 
3 4 1 2 
2 0 4 3 
0 3 0 1 

ROW3 COL2 ?1 2 3 4 
3 4 1 2 
2 1 4 3 
0 3 0 1 

ROW4 COL1 ?1 2 3 4 
3 4 1 2 
2 1 4 3 
4 3 0 1 

ROW4 COL3 ?1 2 3 4 
3 4 1 2 
2 1 4 3 
4 3 2 1 

YOU WIN
